<?xml version="1.0" encoding="UTF-8"?>
<testsuite xmlns:xsi="http://www.w3.org/2001/XMLSchema-instance" xsi:noNamespaceSchemaLocation="https://maven.apache.org/surefire/maven-surefire-plugin/xsd/surefire-test-report-3.0.xsd" version="3.0" name="com.trailrunner.TrailRunTest" time="0.016" tests="4" errors="0" skipped="0" failures="0">
  <properties>
[...]
</properties>
  <testcase name="shouldCalculateAverageSpeed" classname="com.trailrunner.TrailRunTest" time="0.012"/>
  <testcase name="shouldStoreCorrectInformation" classname="com.trailrunner.TrailRunTest" time="0"/>
  <testcase name="shouldSetDefaultDateIfNull" classname="com.trailrunner.TrailRunTest" time="0.001"/>
  <testcase name="shouldCalculateMinutesPerKilometer" classname="com.trailrunner.TrailRunTest" time="0"/>
</testsuite>